2025-07-04 22:13:04,267 | INFO | Старт экспериментов по архитектурам CNN
2025-07-04 22:13:04,379 | INFO | Начало обучения для kernel=3
2025-07-04 22:13:04,379 | INFO | Параметров в модели: 421642
2025-07-04 22:13:04,379 | INFO | Оценка рецептивного поля: ядро 3x3, 2 conv слоёв \u2192 receptive field ~ 5x5
2025-07-04 22:14:39,427 | INFO | Kernel=3 завершено за 95.05 секунд
2025-07-04 22:20:31,034 | INFO | Старт экспериментов по архитектурам CNN
2025-07-04 22:20:31,133 | INFO | Начало обучения для kernel=3
2025-07-04 22:20:31,133 | INFO | Параметров в модели: 421642
2025-07-04 22:20:31,133 | INFO | Оценка рецептивного поля: ядро 3x3, 2 conv слоёв \u2192 receptive field ~ 5x5
2025-07-04 22:22:07,078 | INFO | Kernel=3 завершено за 95.95 секунд
2025-07-04 22:22:07,306 | INFO | Начало обучения для kernel=5
2025-07-04 22:22:07,306 | INFO | Параметров в модели: 454922
2025-07-04 22:22:07,306 | INFO | Оценка рецептивного поля: ядро 5x5, 2 conv слоёв \u2192 receptive field ~ 9x9
2025-07-04 22:23:41,864 | INFO | Kernel=5 завершено за 94.56 секунд
2025-07-04 22:23:42,063 | INFO | Начало обучения для kernel=7
2025-07-04 22:23:42,063 | INFO | Параметров в модели: 504842
2025-07-04 22:23:42,064 | INFO | Оценка рецептивного поля: ядро 7x7, 2 conv слоёв \u2192 receptive field ~ 13x13
2025-07-04 22:25:15,443 | INFO | Kernel=7 завершено за 93.38 секунд
2025-07-04 22:25:15,665 | INFO | Начало обучения для комбинированной архитектуры (1x1 + 3x3)
2025-07-04 22:26:56,220 | INFO | Комбинированная архитектура завершена за 100.55 секунд
2025-07-04 22:26:56,495 | INFO | Начало обучения для глубины 2 слоёв
2025-07-04 22:26:56,495 | INFO | Параметров в модели: 211690
2025-07-04 22:26:56,495 | INFO | Оценка рецептивного поля: ядро 3x3, 2 conv слоёв \u2192 receptive field ~ 5x5
2025-07-04 22:28:36,127 | INFO | Глубина=2 завершено за 99.63 секунд
2025-07-04 22:28:36,165 | INFO | Градиент слоя conv.0.weight: 0.031612
2025-07-04 22:28:36,166 | INFO | Градиент слоя conv.0.bias: 0.014643
2025-07-04 22:28:36,166 | INFO | Градиент слоя conv.2.weight: 0.030544
2025-07-04 22:28:36,166 | INFO | Градиент слоя conv.2.bias: 0.003109
2025-07-04 22:28:36,167 | INFO | Градиент слоя fc1.weight: 0.104192
2025-07-04 22:28:36,167 | INFO | Градиент слоя fc1.bias: 0.003234
2025-07-04 22:28:36,167 | INFO | Градиент слоя fc2.weight: 0.136655
2025-07-04 22:28:36,167 | INFO | Градиент слоя fc2.bias: 0.004306
2025-07-04 22:28:36,335 | INFO | Начало обучения для глубины 4 слоёв
2025-07-04 22:28:36,335 | INFO | Параметров в модели: 230186
2025-07-04 22:28:36,335 | INFO | Оценка рецептивного поля: ядро 3x3, 4 conv слоёв \u2192 receptive field ~ 9x9
2025-07-04 22:30:09,608 | INFO | Глубина=4 завершено за 93.27 секунд
2025-07-04 22:30:09,608 | INFO | Градиент слоя conv.0.weight: 0.043887
2025-07-04 22:30:09,609 | INFO | Градиент слоя conv.0.bias: 0.008165
2025-07-04 22:30:09,609 | INFO | Градиент слоя conv.2.weight: 0.033592
2025-07-04 22:30:09,609 | INFO | Градиент слоя conv.2.bias: 0.002178
2025-07-04 22:30:09,609 | INFO | Градиент слоя conv.4.weight: 0.048433
2025-07-04 22:30:09,609 | INFO | Градиент слоя conv.4.bias: 0.002286
2025-07-04 22:30:09,610 | INFO | Градиент слоя conv.6.weight: 0.110746
2025-07-04 22:30:09,610 | INFO | Градиент слоя conv.6.bias: 0.001526
2025-07-04 22:30:09,610 | INFO | Градиент слоя fc1.weight: 0.310018
2025-07-04 22:30:09,610 | INFO | Градиент слоя fc1.bias: 0.003329
2025-07-04 22:30:09,610 | INFO | Градиент слоя fc2.weight: 0.414747
2025-07-04 22:30:09,610 | INFO | Градиент слоя fc2.bias: 0.008089
2025-07-04 22:30:09,784 | INFO | Начало обучения для глубины 6 слоёв
2025-07-04 22:30:09,785 | INFO | Параметров в модели: 248682
2025-07-04 22:30:09,786 | INFO | Оценка рецептивного поля: ядро 3x3, 6 conv слоёв \u2192 receptive field ~ 13x13
2025-07-04 22:31:46,286 | INFO | Глубина=6 завершено за 96.50 секунд
2025-07-04 22:31:46,286 | INFO | Градиент слоя conv.0.weight: 0.182929
2025-07-04 22:31:46,286 | INFO | Градиент слоя conv.0.bias: 0.022935
2025-07-04 22:31:46,286 | INFO | Градиент слоя conv.2.weight: 0.071467
2025-07-04 22:31:46,286 | INFO | Градиент слоя conv.2.bias: 0.005769
2025-07-04 22:31:46,286 | INFO | Градиент слоя conv.4.weight: 0.032682
2025-07-04 22:31:46,286 | INFO | Градиент слоя conv.4.bias: 0.001625
2025-07-04 22:31:46,286 | INFO | Градиент слоя conv.6.weight: 0.034117
2025-07-04 22:31:46,286 | INFO | Градиент слоя conv.6.bias: 0.001869
2025-07-04 22:31:46,286 | INFO | Градиент слоя conv.8.weight: 0.054707
2025-07-04 22:31:46,286 | INFO | Градиент слоя conv.8.bias: 0.001813
2025-07-04 22:31:46,286 | INFO | Градиент слоя conv.10.weight: 0.107321
2025-07-04 22:31:46,286 | INFO | Градиент слоя conv.10.bias: 0.001941
2025-07-04 22:31:46,286 | INFO | Градиент слоя fc1.weight: 0.204972
2025-07-04 22:31:46,286 | INFO | Градиент слоя fc1.bias: 0.003028
2025-07-04 22:31:46,286 | INFO | Градиент слоя fc2.weight: 0.215906
2025-07-04 22:31:46,286 | INFO | Градиент слоя fc2.bias: 0.006304
2025-07-04 22:31:46,466 | INFO | Начало обучения с Residual связями
2025-07-04 22:31:46,471 | INFO | Параметров в модели: 160906
2025-07-04 22:31:46,471 | INFO | Оценка рецептивного поля: ядро 3x3, 6 conv слоёв \u2192 receptive field ~ 13x13
2025-07-04 22:33:24,166 | INFO | Residual CNN завершено за 97.70 секунд
2025-07-04 22:33:24,166 | INFO | Градиент слоя conv1.weight: 0.003150
2025-07-04 22:33:24,166 | INFO | Градиент слоя conv1.bias: 0.000000
2025-07-04 22:33:24,166 | INFO | Градиент слоя bn1.weight: 0.000274
2025-07-04 22:33:24,167 | INFO | Градиент слоя bn1.bias: 0.000275
2025-07-04 22:33:24,167 | INFO | Градиент слоя res1.conv1.weight: 0.002133
2025-07-04 22:33:24,167 | INFO | Градиент слоя res1.bn1.weight: 0.000261
2025-07-04 22:33:24,167 | INFO | Градиент слоя res1.bn1.bias: 0.000188
2025-07-04 22:33:24,168 | INFO | Градиент слоя res1.conv2.weight: 0.002178
2025-07-04 22:33:24,168 | INFO | Градиент слоя res1.bn2.weight: 0.000247
2025-07-04 22:33:24,169 | INFO | Градиент слоя res1.bn2.bias: 0.000216
2025-07-04 22:33:24,169 | INFO | Градиент слоя res2.conv1.weight: 0.001871
2025-07-04 22:33:24,169 | INFO | Градиент слоя res2.bn1.weight: 0.000258
2025-07-04 22:33:24,169 | INFO | Градиент слоя res2.bn1.bias: 0.000191
2025-07-04 22:33:24,169 | INFO | Градиент слоя res2.conv2.weight: 0.001901
2025-07-04 22:33:24,170 | INFO | Градиент слоя res2.bn2.weight: 0.000453
2025-07-04 22:33:24,170 | INFO | Градиент слоя res2.bn2.bias: 0.000398
2025-07-04 22:33:24,170 | INFO | Градиент слоя res2.shortcut.0.weight: 0.001410
2025-07-04 22:33:24,170 | INFO | Градиент слоя res2.shortcut.1.weight: 0.000291
2025-07-04 22:33:24,170 | INFO | Градиент слоя res2.shortcut.1.bias: 0.000398
2025-07-04 22:33:24,170 | INFO | Градиент слоя res3.conv1.weight: 0.002215
2025-07-04 22:33:24,171 | INFO | Градиент слоя res3.bn1.weight: 0.000477
2025-07-04 22:33:24,171 | INFO | Градиент слоя res3.bn1.bias: 0.000301
2025-07-04 22:33:24,171 | INFO | Градиент слоя res3.conv2.weight: 0.001887
2025-07-04 22:33:24,171 | INFO | Градиент слоя res3.bn2.weight: 0.000569
2025-07-04 22:33:24,171 | INFO | Градиент слоя res3.bn2.bias: 0.000570
2025-07-04 22:33:24,172 | INFO | Градиент слоя fc.weight: 0.011849
2025-07-04 22:33:24,172 | INFO | Градиент слоя fc.bias: 0.000342
2025-07-04 22:37:27,719 | INFO | Старт экспериментов по архитектурам CNN
2025-07-04 22:37:27,819 | INFO | Начало обучения для kernel=3
2025-07-04 22:37:27,820 | INFO | Параметров в модели: 421642
2025-07-04 22:37:27,820 | INFO | Оценка рецептивного поля: ядро 3x3, 2 conv слоёв \u2192 receptive field ~ 5x5
2025-07-04 22:38:59,924 | INFO | Kernel=3 завершено за 92.10 секунд
2025-07-04 22:39:00,135 | INFO | Начало обучения для kernel=5
2025-07-04 22:39:00,135 | INFO | Параметров в модели: 454922
2025-07-04 22:39:00,135 | INFO | Оценка рецептивного поля: ядро 5x5, 2 conv слоёв \u2192 receptive field ~ 9x9
2025-07-04 22:40:40,292 | INFO | Kernel=5 завершено за 100.16 секунд
2025-07-04 22:40:40,473 | INFO | Начало обучения для kernel=7
2025-07-04 22:40:40,473 | INFO | Параметров в модели: 504842
2025-07-04 22:40:40,473 | INFO | Оценка рецептивного поля: ядро 7x7, 2 conv слоёв \u2192 receptive field ~ 13x13
2025-07-04 22:42:11,674 | INFO | Kernel=7 завершено за 91.20 секунд
2025-07-04 22:42:11,836 | INFO | Начало обучения для комбинированной архитектуры (1x1 + 3x3)
2025-07-04 22:43:49,179 | INFO | Комбинированная архитектура завершена за 97.34 секунд
2025-07-04 22:43:49,447 | INFO | Начало обучения для глубины 2 слоёв
2025-07-04 22:43:49,447 | INFO | Параметров в модели: 211690
2025-07-04 22:43:49,447 | INFO | Оценка рецептивного поля: ядро 3x3, 2 conv слоёв \u2192 receptive field ~ 5x5
2025-07-04 22:45:23,533 | INFO | Глубина=2 завершено за 94.09 секунд
2025-07-04 22:45:23,544 | INFO | Градиент слоя conv.0.weight: 0.021142
2025-07-04 22:45:23,544 | INFO | Градиент слоя conv.0.bias: 0.006821
2025-07-04 22:45:23,545 | INFO | Градиент слоя conv.2.weight: 0.021368
2025-07-04 22:45:23,545 | INFO | Градиент слоя conv.2.bias: 0.001594
2025-07-04 22:45:23,545 | INFO | Градиент слоя fc1.weight: 0.058321
2025-07-04 22:45:23,545 | INFO | Градиент слоя fc1.bias: 0.001615
2025-07-04 22:45:23,546 | INFO | Градиент слоя fc2.weight: 0.204173
2025-07-04 22:45:23,546 | INFO | Градиент слоя fc2.bias: 0.006215
2025-07-04 22:45:23,769 | INFO | Начало обучения для глубины 4 слоёв
2025-07-04 22:45:23,769 | INFO | Параметров в модели: 230186
2025-07-04 22:45:23,769 | INFO | Оценка рецептивного поля: ядро 3x3, 4 conv слоёв \u2192 receptive field ~ 9x9
2025-07-04 22:47:01,875 | INFO | Глубина=4 завершено за 98.11 секунд
2025-07-04 22:47:01,876 | INFO | Градиент слоя conv.0.weight: 0.302638
2025-07-04 22:47:01,876 | INFO | Градиент слоя conv.0.bias: 0.069501
2025-07-04 22:47:01,876 | INFO | Градиент слоя conv.2.weight: 0.190810
2025-07-04 22:47:01,876 | INFO | Градиент слоя conv.2.bias: 0.020123
2025-07-04 22:47:01,876 | INFO | Градиент слоя conv.4.weight: 0.260615
2025-07-04 22:47:01,877 | INFO | Градиент слоя conv.4.bias: 0.008993
2025-07-04 22:47:01,877 | INFO | Градиент слоя conv.6.weight: 0.821672
2025-07-04 22:47:01,877 | INFO | Градиент слоя conv.6.bias: 0.010199
2025-07-04 22:47:01,877 | INFO | Градиент слоя fc1.weight: 0.882733
2025-07-04 22:47:01,877 | INFO | Градиент слоя fc1.bias: 0.018289
2025-07-04 22:47:01,878 | INFO | Градиент слоя fc2.weight: 0.724840
2025-07-04 22:47:01,878 | INFO | Градиент слоя fc2.bias: 0.029980
2025-07-04 22:47:02,064 | INFO | Начало обучения для глубины 6 слоёв
2025-07-04 22:47:02,065 | INFO | Параметров в модели: 248682
2025-07-04 22:47:02,065 | INFO | Оценка рецептивного поля: ядро 3x3, 6 conv слоёв \u2192 receptive field ~ 13x13
2025-07-04 22:48:40,553 | INFO | Глубина=6 завершено за 98.49 секунд
2025-07-04 22:48:40,553 | INFO | Градиент слоя conv.0.weight: 0.023233
2025-07-04 22:48:40,553 | INFO | Градиент слоя conv.0.bias: 0.007227
2025-07-04 22:48:40,554 | INFO | Градиент слоя conv.2.weight: 0.015304
2025-07-04 22:48:40,554 | INFO | Градиент слоя conv.2.bias: 0.002459
2025-07-04 22:48:40,554 | INFO | Градиент слоя conv.4.weight: 0.013547
2025-07-04 22:48:40,554 | INFO | Градиент слоя conv.4.bias: 0.000748
2025-07-04 22:48:40,554 | INFO | Градиент слоя conv.6.weight: 0.011384
2025-07-04 22:48:40,555 | INFO | Градиент слоя conv.6.bias: 0.000435
2025-07-04 22:48:40,555 | INFO | Градиент слоя conv.8.weight: 0.021400
2025-07-04 22:48:40,555 | INFO | Градиент слоя conv.8.bias: 0.000440
2025-07-04 22:48:40,556 | INFO | Градиент слоя conv.10.weight: 0.048045
2025-07-04 22:48:40,556 | INFO | Градиент слоя conv.10.bias: 0.000672
2025-07-04 22:48:40,556 | INFO | Градиент слоя fc1.weight: 0.072635
2025-07-04 22:48:40,556 | INFO | Градиент слоя fc1.bias: 0.001245
2025-07-04 22:48:40,556 | INFO | Градиент слоя fc2.weight: 0.108268
2025-07-04 22:48:40,556 | INFO | Градиент слоя fc2.bias: 0.003003
2025-07-04 22:48:40,738 | INFO | Начало обучения с Residual связями
2025-07-04 22:48:40,744 | INFO | Параметров в модели: 160906
2025-07-04 22:48:40,744 | INFO | Оценка рецептивного поля: ядро 3x3, 6 conv слоёв \u2192 receptive field ~ 13x13
2025-07-04 22:50:21,824 | INFO | Residual CNN завершено за 101.08 секунд
2025-07-04 22:50:21,824 | INFO | Градиент слоя conv1.weight: 0.044633
2025-07-04 22:50:21,824 | INFO | Градиент слоя conv1.bias: 0.000000
2025-07-04 22:50:21,825 | INFO | Градиент слоя bn1.weight: 0.005595
2025-07-04 22:50:21,825 | INFO | Градиент слоя bn1.bias: 0.003417
2025-07-04 22:50:21,825 | INFO | Градиент слоя res1.conv1.weight: 0.039277
2025-07-04 22:50:21,826 | INFO | Градиент слоя res1.bn1.weight: 0.003975
2025-07-04 22:50:21,826 | INFO | Градиент слоя res1.bn1.bias: 0.002304
2025-07-04 22:50:21,826 | INFO | Градиент слоя res1.conv2.weight: 0.040231
2025-07-04 22:50:21,826 | INFO | Градиент слоя res1.bn2.weight: 0.006250
2025-07-04 22:50:21,826 | INFO | Градиент слоя res1.bn2.bias: 0.003176
2025-07-04 22:50:21,826 | INFO | Градиент слоя res2.conv1.weight: 0.034927
2025-07-04 22:50:21,827 | INFO | Градиент слоя res2.bn1.weight: 0.004905
2025-07-04 22:50:21,827 | INFO | Градиент слоя res2.bn1.bias: 0.003073
2025-07-04 22:50:21,827 | INFO | Градиент слоя res2.conv2.weight: 0.034556
2025-07-04 22:50:21,827 | INFO | Градиент слоя res2.bn2.weight: 0.008187
2025-07-04 22:50:21,827 | INFO | Градиент слоя res2.bn2.bias: 0.005253
2025-07-04 22:50:21,827 | INFO | Градиент слоя res2.shortcut.0.weight: 0.027659
2025-07-04 22:50:21,828 | INFO | Градиент слоя res2.shortcut.1.weight: 0.005343
2025-07-04 22:50:21,828 | INFO | Градиент слоя res2.shortcut.1.bias: 0.005253
2025-07-04 22:50:21,828 | INFO | Градиент слоя res3.conv1.weight: 0.037538
2025-07-04 22:50:21,829 | INFO | Градиент слоя res3.bn1.weight: 0.006383
2025-07-04 22:50:21,829 | INFO | Градиент слоя res3.bn1.bias: 0.003623
2025-07-04 22:50:21,830 | INFO | Градиент слоя res3.conv2.weight: 0.028043
2025-07-04 22:50:21,831 | INFO | Градиент слоя res3.bn2.weight: 0.006815
2025-07-04 22:50:21,831 | INFO | Градиент слоя res3.bn2.bias: 0.006578
2025-07-04 22:50:21,831 | INFO | Градиент слоя fc.weight: 0.207160
2025-07-04 22:50:21,831 | INFO | Градиент слоя fc.bias: 0.005382
2025-07-04 22:56:33,978 | INFO | Старт экспериментов по архитектурам CNN
2025-07-04 22:56:34,083 | INFO | Начало обучения для kernel=3
2025-07-04 22:56:34,083 | INFO | Параметров в модели: 421642
2025-07-04 22:56:34,083 | INFO | Оценка рецептивного поля: ядро 3x3, 2 conv слоёв \u2192 receptive field ~ 5x5
2025-07-04 22:58:06,726 | INFO | Kernel=3 завершено за 92.64 секунд
2025-07-04 22:58:06,952 | INFO | Начало обучения для kernel=5
2025-07-04 22:58:06,952 | INFO | Параметров в модели: 454922
2025-07-04 22:58:06,952 | INFO | Оценка рецептивного поля: ядро 5x5, 2 conv слоёв \u2192 receptive field ~ 9x9
2025-07-04 22:59:43,993 | INFO | Kernel=5 завершено за 97.04 секунд
2025-07-04 22:59:44,176 | INFO | Начало обучения для kernel=7
2025-07-04 22:59:44,177 | INFO | Параметров в модели: 504842
2025-07-04 22:59:44,177 | INFO | Оценка рецептивного поля: ядро 7x7, 2 conv слоёв \u2192 receptive field ~ 13x13
2025-07-04 23:01:18,337 | INFO | Kernel=7 завершено за 94.16 секунд
2025-07-04 23:01:18,525 | INFO | Начало обучения для комбинированной архитектуры (1x1 + 3x3)
2025-07-04 23:02:58,937 | INFO | Комбинированная архитектура завершена за 100.41 секунд
2025-07-04 23:02:59,208 | INFO | Начало обучения для глубины 2 слоёв
2025-07-04 23:02:59,208 | INFO | Параметров в модели: 211690
2025-07-04 23:02:59,208 | INFO | Оценка рецептивного поля: ядро 3x3, 2 conv слоёв \u2192 receptive field ~ 5x5
2025-07-04 23:04:41,677 | INFO | Глубина=2 завершено за 102.47 секунд
2025-07-04 23:04:41,687 | INFO | Градиент слоя conv.0.weight: 0.059072
2025-07-04 23:04:41,688 | INFO | Градиент слоя conv.0.bias: 0.014601
2025-07-04 23:04:41,688 | INFO | Градиент слоя conv.2.weight: 0.074045
2025-07-04 23:04:41,688 | INFO | Градиент слоя conv.2.bias: 0.003729
2025-07-04 23:04:41,689 | INFO | Градиент слоя fc1.weight: 0.232951
2025-07-04 23:04:41,689 | INFO | Градиент слоя fc1.bias: 0.005810
2025-07-04 23:04:41,690 | INFO | Градиент слоя fc2.weight: 0.303165
2025-07-04 23:04:41,690 | INFO | Градиент слоя fc2.bias: 0.009579
2025-07-04 23:04:41,879 | INFO | Начало обучения для глубины 4 слоёв
2025-07-04 23:04:41,879 | INFO | Параметров в модели: 230186
2025-07-04 23:04:41,879 | INFO | Оценка рецептивного поля: ядро 3x3, 4 conv слоёв \u2192 receptive field ~ 9x9
2025-07-04 23:06:17,537 | INFO | Глубина=4 завершено за 95.66 секунд
2025-07-04 23:06:17,537 | INFO | Градиент слоя conv.0.weight: 0.093392
2025-07-04 23:06:17,538 | INFO | Градиент слоя conv.0.bias: 0.024871
2025-07-04 23:06:17,538 | INFO | Градиент слоя conv.2.weight: 0.061463
2025-07-04 23:06:17,538 | INFO | Градиент слоя conv.2.bias: 0.006190
2025-07-04 23:06:17,538 | INFO | Градиент слоя conv.4.weight: 0.150559
2025-07-04 23:06:17,538 | INFO | Градиент слоя conv.4.bias: 0.008166
2025-07-04 23:06:17,539 | INFO | Градиент слоя conv.6.weight: 0.316260
2025-07-04 23:06:17,539 | INFO | Градиент слоя conv.6.bias: 0.005628
2025-07-04 23:06:17,539 | INFO | Градиент слоя fc1.weight: 0.514729
2025-07-04 23:06:17,539 | INFO | Градиент слоя fc1.bias: 0.008527
2025-07-04 23:06:17,539 | INFO | Градиент слоя fc2.weight: 0.851923
2025-07-04 23:06:17,539 | INFO | Градиент слоя fc2.bias: 0.022114
2025-07-04 23:06:17,725 | INFO | Начало обучения для глубины 6 слоёв
2025-07-04 23:06:17,726 | INFO | Параметров в модели: 248682
2025-07-04 23:06:17,726 | INFO | Оценка рецептивного поля: ядро 3x3, 6 conv слоёв \u2192 receptive field ~ 13x13
2025-07-04 23:07:56,578 | INFO | Глубина=6 завершено за 98.85 секунд
2025-07-04 23:07:56,578 | INFO | Градиент слоя conv.0.weight: 0.005574
2025-07-04 23:07:56,578 | INFO | Градиент слоя conv.0.bias: 0.001370
2025-07-04 23:07:56,579 | INFO | Градиент слоя conv.2.weight: 0.004259
2025-07-04 23:07:56,579 | INFO | Градиент слоя conv.2.bias: 0.000585
2025-07-04 23:07:56,579 | INFO | Градиент слоя conv.4.weight: 0.004352
2025-07-04 23:07:56,579 | INFO | Градиент слоя conv.4.bias: 0.000218
2025-07-04 23:07:56,580 | INFO | Градиент слоя conv.6.weight: 0.004916
2025-07-04 23:07:56,580 | INFO | Градиент слоя conv.6.bias: 0.000142
2025-07-04 23:07:56,580 | INFO | Градиент слоя conv.8.weight: 0.007249
2025-07-04 23:07:56,580 | INFO | Градиент слоя conv.8.bias: 0.000160
2025-07-04 23:07:56,580 | INFO | Градиент слоя conv.10.weight: 0.010537
2025-07-04 23:07:56,581 | INFO | Градиент слоя conv.10.bias: 0.000160
2025-07-04 23:07:56,581 | INFO | Градиент слоя fc1.weight: 0.021701
2025-07-04 23:07:56,581 | INFO | Градиент слоя fc1.bias: 0.000280
2025-07-04 23:07:56,581 | INFO | Градиент слоя fc2.weight: 0.049299
2025-07-04 23:07:56,582 | INFO | Градиент слоя fc2.bias: 0.000752
2025-07-04 23:07:56,762 | INFO | Начало обучения с Residual связями
2025-07-04 23:07:56,768 | INFO | Параметров в модели: 160906
2025-07-04 23:07:56,768 | INFO | Оценка рецептивного поля: ядро 3x3, 6 conv слоёв \u2192 receptive field ~ 13x13
2025-07-04 23:09:37,580 | INFO | Residual CNN завершено за 100.81 секунд
2025-07-04 23:09:37,580 | INFO | Градиент слоя conv1.weight: 0.275744
2025-07-04 23:09:37,581 | INFO | Градиент слоя conv1.bias: 0.000000
2025-07-04 23:09:37,581 | INFO | Градиент слоя bn1.weight: 0.030635
2025-07-04 23:09:37,581 | INFO | Градиент слоя bn1.bias: 0.018069
2025-07-04 23:09:37,581 | INFO | Градиент слоя res1.conv1.weight: 0.132286
2025-07-04 23:09:37,581 | INFO | Градиент слоя res1.bn1.weight: 0.023444
2025-07-04 23:09:37,581 | INFO | Градиент слоя res1.bn1.bias: 0.014930
2025-07-04 23:09:37,581 | INFO | Градиент слоя res1.conv2.weight: 0.149742
2025-07-04 23:09:37,582 | INFO | Градиент слоя res1.bn2.weight: 0.018907
2025-07-04 23:09:37,582 | INFO | Градиент слоя res1.bn2.bias: 0.012545
2025-07-04 23:09:37,582 | INFO | Градиент слоя res2.conv1.weight: 0.100679
2025-07-04 23:09:37,582 | INFO | Градиент слоя res2.bn1.weight: 0.015091
2025-07-04 23:09:37,582 | INFO | Градиент слоя res2.bn1.bias: 0.011482
2025-07-04 23:09:37,582 | INFO | Градиент слоя res2.conv2.weight: 0.097091
2025-07-04 23:09:37,583 | INFO | Градиент слоя res2.bn2.weight: 0.018420
2025-07-04 23:09:37,583 | INFO | Градиент слоя res2.bn2.bias: 0.019568
2025-07-04 23:09:37,583 | INFO | Градиент слоя res2.shortcut.0.weight: 0.087070
2025-07-04 23:09:37,583 | INFO | Градиент слоя res2.shortcut.1.weight: 0.021955
2025-07-04 23:09:37,583 | INFO | Градиент слоя res2.shortcut.1.bias: 0.019568
2025-07-04 23:09:37,583 | INFO | Градиент слоя res3.conv1.weight: 0.100635
2025-07-04 23:09:37,584 | INFO | Градиент слоя res3.bn1.weight: 0.017875
2025-07-04 23:09:37,584 | INFO | Градиент слоя res3.bn1.bias: 0.015973
2025-07-04 23:09:37,584 | INFO | Градиент слоя res3.conv2.weight: 0.088843
2025-07-04 23:09:37,584 | INFO | Градиент слоя res3.bn2.weight: 0.017065
2025-07-04 23:09:37,584 | INFO | Градиент слоя res3.bn2.bias: 0.025034
2025-07-04 23:09:37,585 | INFO | Градиент слоя fc.weight: 0.773698
2025-07-04 23:09:37,585 | INFO | Градиент слоя fc.bias: 0.022301
2025-07-04 23:11:47,020 | INFO | Старт экспериментов по архитектурам CNN
2025-07-04 23:11:47,129 | INFO | Начало обучения для kernel=3
2025-07-04 23:11:47,129 | INFO | Параметров в модели: 421642
2025-07-04 23:11:47,129 | INFO | Оценка рецептивного поля: ядро 3x3, 2 conv слоёв \u2192 receptive field ~ 5x5
2025-07-04 23:13:19,757 | INFO | Kernel=3 завершено за 92.63 секунд
2025-07-04 23:13:19,984 | INFO | Начало обучения для kernel=5
2025-07-04 23:13:19,984 | INFO | Параметров в модели: 454922
2025-07-04 23:13:19,984 | INFO | Оценка рецептивного поля: ядро 5x5, 2 conv слоёв \u2192 receptive field ~ 9x9
2025-07-04 23:14:56,293 | INFO | Kernel=5 завершено за 96.31 секунд
2025-07-04 23:14:56,479 | INFO | Начало обучения для kernel=7
2025-07-04 23:14:56,479 | INFO | Параметров в модели: 504842
2025-07-04 23:14:56,479 | INFO | Оценка рецептивного поля: ядро 7x7, 2 conv слоёв \u2192 receptive field ~ 13x13
2025-07-04 23:16:29,129 | INFO | Kernel=7 завершено за 92.65 секунд
2025-07-04 23:16:29,314 | INFO | Начало обучения для комбинированной архитектуры (1x1 + 3x3)
2025-07-04 23:18:09,394 | INFO | Комбинированная архитектура завершена за 100.08 секунд
2025-07-04 23:18:09,666 | INFO | Начало обучения для глубины 2 слоёв
2025-07-04 23:18:09,666 | INFO | Параметров в модели: 211690
2025-07-04 23:18:09,666 | INFO | Оценка рецептивного поля: ядро 3x3, 2 conv слоёв \u2192 receptive field ~ 5x5
2025-07-04 23:19:51,303 | INFO | Глубина=2 завершено за 101.64 секунд
2025-07-04 23:19:51,313 | INFO | Градиент слоя conv.0.weight: 0.019580
2025-07-04 23:19:51,314 | INFO | Градиент слоя conv.0.bias: 0.006275
2025-07-04 23:19:51,314 | INFO | Градиент слоя conv.2.weight: 0.017496
2025-07-04 23:19:51,314 | INFO | Градиент слоя conv.2.bias: 0.001534
2025-07-04 23:19:51,315 | INFO | Градиент слоя fc1.weight: 0.061613
2025-07-04 23:19:51,315 | INFO | Градиент слоя fc1.bias: 0.001719
2025-07-04 23:19:51,315 | INFO | Градиент слоя fc2.weight: 0.092487
2025-07-04 23:19:51,315 | INFO | Градиент слоя fc2.bias: 0.002992
2025-07-04 23:19:51,502 | INFO | Начало обучения для глубины 4 слоёв
2025-07-04 23:19:51,503 | INFO | Параметров в модели: 230186
2025-07-04 23:19:51,503 | INFO | Оценка рецептивного поля: ядро 3x3, 4 conv слоёв \u2192 receptive field ~ 9x9
2025-07-04 23:21:26,445 | INFO | Глубина=4 завершено за 94.94 секунд
2025-07-04 23:21:26,445 | INFO | Градиент слоя conv.0.weight: 0.049443
2025-07-04 23:21:26,445 | INFO | Градиент слоя conv.0.bias: 0.009615
2025-07-04 23:21:26,445 | INFO | Градиент слоя conv.2.weight: 0.028430
2025-07-04 23:21:26,446 | INFO | Градиент слоя conv.2.bias: 0.003025
2025-07-04 23:21:26,446 | INFO | Градиент слоя conv.4.weight: 0.042537
2025-07-04 23:21:26,446 | INFO | Градиент слоя conv.4.bias: 0.001803
2025-07-04 23:21:26,446 | INFO | Градиент слоя conv.6.weight: 0.097166
2025-07-04 23:21:26,446 | INFO | Градиент слоя conv.6.bias: 0.001767
2025-07-04 23:21:26,447 | INFO | Градиент слоя fc1.weight: 0.108221
2025-07-04 23:21:26,447 | INFO | Градиент слоя fc1.bias: 0.002299
2025-07-04 23:21:26,447 | INFO | Градиент слоя fc2.weight: 0.124972
2025-07-04 23:21:26,447 | INFO | Градиент слоя fc2.bias: 0.004754
2025-07-04 23:21:26,628 | INFO | Начало обучения для глубины 6 слоёв
2025-07-04 23:21:26,629 | INFO | Параметров в модели: 248682
2025-07-04 23:21:26,629 | INFO | Оценка рецептивного поля: ядро 3x3, 6 conv слоёв \u2192 receptive field ~ 13x13
2025-07-04 23:23:04,459 | INFO | Глубина=6 завершено за 97.83 секунд
2025-07-04 23:23:04,459 | INFO | Градиент слоя conv.0.weight: 0.298769
2025-07-04 23:23:04,459 | INFO | Градиент слоя conv.0.bias: 0.052711
2025-07-04 23:23:04,459 | INFO | Градиент слоя conv.2.weight: 0.184000
2025-07-04 23:23:04,459 | INFO | Градиент слоя conv.2.bias: 0.015984
2025-07-04 23:23:04,459 | INFO | Градиент слоя conv.4.weight: 0.191828
2025-07-04 23:23:04,459 | INFO | Градиент слоя conv.4.bias: 0.007246
2025-07-04 23:23:04,459 | INFO | Градиент слоя conv.6.weight: 0.174881
2025-07-04 23:23:04,459 | INFO | Градиент слоя conv.6.bias: 0.004896
2025-07-04 23:23:04,459 | INFO | Градиент слоя conv.8.weight: 0.444039
2025-07-04 23:23:04,459 | INFO | Градиент слоя conv.8.bias: 0.006397
2025-07-04 23:23:04,459 | INFO | Градиент слоя conv.10.weight: 0.859393
2025-07-04 23:23:04,459 | INFO | Градиент слоя conv.10.bias: 0.005942
2025-07-04 23:23:04,459 | INFO | Градиент слоя fc1.weight: 1.465759
2025-07-04 23:23:04,459 | INFO | Градиент слоя fc1.bias: 0.017830
2025-07-04 23:23:04,459 | INFO | Градиент слоя fc2.weight: 2.283328
2025-07-04 23:23:04,459 | INFO | Градиент слоя fc2.bias: 0.044616
2025-07-04 23:23:04,641 | INFO | Начало обучения с Residual связями
2025-07-04 23:23:04,649 | INFO | Параметров в модели: 160906
2025-07-04 23:23:04,649 | INFO | Оценка рецептивного поля: ядро 3x3, 6 conv слоёв \u2192 receptive field ~ 13x13
2025-07-04 23:24:44,222 | INFO | Residual CNN завершено за 99.57 секунд
2025-07-04 23:24:44,223 | INFO | Градиент слоя conv1.weight: 0.094320
2025-07-04 23:24:44,223 | INFO | Градиент слоя conv1.bias: 0.000000
2025-07-04 23:24:44,223 | INFO | Градиент слоя bn1.weight: 0.008920
2025-07-04 23:24:44,223 | INFO | Градиент слоя bn1.bias: 0.007241
2025-07-04 23:24:44,223 | INFO | Градиент слоя res1.conv1.weight: 0.052617
2025-07-04 23:24:44,224 | INFO | Градиент слоя res1.bn1.weight: 0.004657
2025-07-04 23:24:44,224 | INFO | Градиент слоя res1.bn1.bias: 0.005891
2025-07-04 23:24:44,224 | INFO | Градиент слоя res1.conv2.weight: 0.047518
2025-07-04 23:24:44,224 | INFO | Градиент слоя res1.bn2.weight: 0.005822
2025-07-04 23:24:44,224 | INFO | Градиент слоя res1.bn2.bias: 0.004806
2025-07-04 23:24:44,225 | INFO | Градиент слоя res2.conv1.weight: 0.032319
2025-07-04 23:24:44,225 | INFO | Градиент слоя res2.bn1.weight: 0.005327
2025-07-04 23:24:44,225 | INFO | Градиент слоя res2.bn1.bias: 0.003899
2025-07-04 23:24:44,225 | INFO | Градиент слоя res2.conv2.weight: 0.035153
2025-07-04 23:24:44,225 | INFO | Градиент слоя res2.bn2.weight: 0.009038
2025-07-04 23:24:44,225 | INFO | Градиент слоя res2.bn2.bias: 0.007750
2025-07-04 23:24:44,225 | INFO | Градиент слоя res2.shortcut.0.weight: 0.030241
2025-07-04 23:24:44,226 | INFO | Градиент слоя res2.shortcut.1.weight: 0.005582
2025-07-04 23:24:44,226 | INFO | Градиент слоя res2.shortcut.1.bias: 0.007750
2025-07-04 23:24:44,226 | INFO | Градиент слоя res3.conv1.weight: 0.031738
2025-07-04 23:24:44,226 | INFO | Градиент слоя res3.bn1.weight: 0.006196
2025-07-04 23:24:44,226 | INFO | Градиент слоя res3.bn1.bias: 0.005010
2025-07-04 23:24:44,226 | INFO | Градиент слоя res3.conv2.weight: 0.027738
2025-07-04 23:24:44,227 | INFO | Градиент слоя res3.bn2.weight: 0.006350
2025-07-04 23:24:44,227 | INFO | Градиент слоя res3.bn2.bias: 0.008820
2025-07-04 23:24:44,227 | INFO | Градиент слоя fc.weight: 0.212613
2025-07-04 23:24:44,227 | INFO | Градиент слоя fc.bias: 0.008006
2025-07-04 23:24:44,708 | INFO | Все эксперименты завершены
2025-07-05 18:27:38,987 | INFO | Старт экспериментов по архитектурам CNN
2025-07-05 18:27:39,101 | INFO | Начало обучения для kernel=3
2025-07-05 18:27:39,102 | INFO | Параметров в модели: 421642
2025-07-05 18:27:39,102 | INFO | Оценка рецептивного поля: ядро 3x3, 2 conv слоёв \u2192 receptive field ~ 5x5
2025-07-05 18:29:16,950 | INFO | Kernel=3 завершено за 97.85 секунд
2025-07-05 18:29:17,180 | INFO | Начало обучения для kernel=5
2025-07-05 18:29:17,180 | INFO | Параметров в модели: 454922
2025-07-05 18:29:17,180 | INFO | Оценка рецептивного поля: ядро 5x5, 2 conv слоёв \u2192 receptive field ~ 9x9
2025-07-05 18:37:25,823 | INFO | Старт экспериментов по архитектурам CNN
2025-07-05 18:37:25,913 | INFO | Начало обучения для kernel=3
2025-07-05 18:37:25,914 | INFO | Параметров в модели: 421642
2025-07-05 18:37:38,192 | INFO | Старт экспериментов по архитектурам CNN
2025-07-05 18:37:38,287 | INFO | Начало обучения для kernel=3
2025-07-05 18:37:38,287 | INFO | Параметров в модели: 421642
2025-07-05 18:39:40,220 | INFO | Старт экспериментов по архитектурам CNN
2025-07-05 18:39:40,326 | INFO | Начало обучения для kernel=3
2025-07-05 18:39:40,326 | INFO | Параметров в модели: 421642
2025-07-05 18:39:40,326 | INFO | Оценка рецептивного поля: ядро 3x3, 2 conv слоёв - receptive field ~ 5x5
2025-07-05 18:41:12,628 | INFO | Kernel=3 завершено за 92.30 секунд
2025-07-05 18:41:12,874 | INFO | Начало обучения для kernel=5
2025-07-05 18:41:12,875 | INFO | Параметров в модели: 454922
2025-07-05 18:41:12,875 | INFO | Оценка рецептивного поля: ядро 5x5, 2 conv слоёв - receptive field ~ 9x9
2025-07-05 18:42:53,573 | INFO | Kernel=5 завершено за 100.70 секунд
2025-07-05 18:42:53,757 | INFO | Начало обучения для kernel=7
2025-07-05 18:42:53,759 | INFO | Параметров в модели: 504842
2025-07-05 18:42:53,759 | INFO | Оценка рецептивного поля: ядро 7x7, 2 conv слоёв - receptive field ~ 13x13
2025-07-05 18:44:40,539 | INFO | Kernel=7 завершено за 106.78 секунд
2025-07-05 18:44:40,725 | INFO | Начало обучения для комбинированной архитектуры (1x1 + 3x3)
2025-07-05 18:46:22,551 | INFO | Комбинированная архитектура завершена за 101.83 секунд
2025-07-05 18:46:22,826 | INFO | Начало обучения для глубины 2 слоёв
2025-07-05 18:46:22,826 | INFO | Параметров в модели: 211690
2025-07-05 18:46:22,827 | INFO | Оценка рецептивного поля: ядро 3x3, 2 conv слоёв - receptive field ~ 5x5
2025-07-05 18:48:09,337 | INFO | Глубина=2 завершено за 106.51 секунд
2025-07-05 18:48:09,372 | INFO | Градиент слоя conv.0.weight: 0.462809
2025-07-05 18:48:09,372 | INFO | Градиент слоя conv.0.bias: 0.138248
2025-07-05 18:48:09,373 | INFO | Градиент слоя conv.2.weight: 0.364668
2025-07-05 18:48:09,373 | INFO | Градиент слоя conv.2.bias: 0.033213
2025-07-05 18:48:09,374 | INFO | Градиент слоя fc1.weight: 0.990370
2025-07-05 18:48:09,374 | INFO | Градиент слоя fc1.bias: 0.024085
2025-07-05 18:48:09,376 | INFO | Градиент слоя fc2.weight: 1.111829
2025-07-05 18:48:09,377 | INFO | Градиент слоя fc2.bias: 0.029453
2025-07-05 18:48:09,566 | INFO | Начало обучения для глубины 4 слоёв
2025-07-05 18:48:09,566 | INFO | Параметров в модели: 230186
2025-07-05 18:48:09,567 | INFO | Оценка рецептивного поля: ядро 3x3, 4 conv слоёв - receptive field ~ 9x9
2025-07-05 18:49:52,735 | INFO | Глубина=4 завершено за 103.17 секунд
2025-07-05 18:49:52,736 | INFO | Градиент слоя conv.0.weight: 0.122370
2025-07-05 18:49:52,736 | INFO | Градиент слоя conv.0.bias: 0.030296
2025-07-05 18:49:52,736 | INFO | Градиент слоя conv.2.weight: 0.084150
2025-07-05 18:49:52,737 | INFO | Градиент слоя conv.2.bias: 0.009072
2025-07-05 18:49:52,737 | INFO | Градиент слоя conv.4.weight: 0.150262
2025-07-05 18:49:52,737 | INFO | Градиент слоя conv.4.bias: 0.006087
2025-07-05 18:49:52,738 | INFO | Градиент слоя conv.6.weight: 0.355813
2025-07-05 18:49:52,738 | INFO | Градиент слоя conv.6.bias: 0.004942
2025-07-05 18:49:52,739 | INFO | Градиент слоя fc1.weight: 0.471208
2025-07-05 18:49:52,739 | INFO | Градиент слоя fc1.bias: 0.008785
2025-07-05 18:49:52,739 | INFO | Градиент слоя fc2.weight: 0.475700
2025-07-05 18:49:52,740 | INFO | Градиент слоя fc2.bias: 0.020836
2025-07-05 18:49:52,927 | INFO | Начало обучения для глубины 6 слоёв
2025-07-05 18:49:52,928 | INFO | Параметров в модели: 248682
2025-07-05 18:49:52,928 | INFO | Оценка рецептивного поля: ядро 3x3, 6 conv слоёв - receptive field ~ 13x13
2025-07-05 18:51:54,482 | INFO | Глубина=6 завершено за 121.55 секунд
2025-07-05 18:51:54,483 | INFO | Градиент слоя conv.0.weight: 0.101932
2025-07-05 18:51:54,483 | INFO | Градиент слоя conv.0.bias: 0.016898
2025-07-05 18:51:54,484 | INFO | Градиент слоя conv.2.weight: 0.058283
2025-07-05 18:51:54,484 | INFO | Градиент слоя conv.2.bias: 0.006881
2025-07-05 18:51:54,485 | INFO | Градиент слоя conv.4.weight: 0.053105
2025-07-05 18:51:54,485 | INFO | Градиент слоя conv.4.bias: 0.003801
2025-07-05 18:51:54,486 | INFO | Градиент слоя conv.6.weight: 0.089148
2025-07-05 18:51:54,509 | INFO | Градиент слоя conv.6.bias: 0.004195
2025-07-05 18:51:54,510 | INFO | Градиент слоя conv.8.weight: 0.143394
2025-07-05 18:51:54,510 | INFO | Градиент слоя conv.8.bias: 0.004197
2025-07-05 18:51:54,511 | INFO | Градиент слоя conv.10.weight: 0.490207
2025-07-05 18:51:54,511 | INFO | Градиент слоя conv.10.bias: 0.005611
2025-07-05 18:51:54,511 | INFO | Градиент слоя fc1.weight: 0.463367
2025-07-05 18:51:54,511 | INFO | Градиент слоя fc1.bias: 0.012306
2025-07-05 18:51:54,512 | INFO | Градиент слоя fc2.weight: 0.766453
2025-07-05 18:51:54,512 | INFO | Градиент слоя fc2.bias: 0.029425
2025-07-05 18:51:54,697 | INFO | Начало обучения с Residual связями
2025-07-05 18:51:54,703 | INFO | Параметров в модели: 160906
2025-07-05 18:51:54,703 | INFO | Оценка рецептивного поля: ядро 3x3, 6 conv слоёв - receptive field ~ 13x13
2025-07-05 18:54:00,359 | INFO | Residual CNN завершено за 125.65 секунд
2025-07-05 18:54:00,359 | INFO | Градиент слоя conv1.weight: 0.115383
2025-07-05 18:54:00,359 | INFO | Градиент слоя conv1.bias: 0.000000
2025-07-05 18:54:00,360 | INFO | Градиент слоя bn1.weight: 0.021932
2025-07-05 18:54:00,360 | INFO | Градиент слоя bn1.bias: 0.008795
2025-07-05 18:54:00,360 | INFO | Градиент слоя res1.conv1.weight: 0.088285
2025-07-05 18:54:00,360 | INFO | Градиент слоя res1.bn1.weight: 0.013737
2025-07-05 18:54:00,361 | INFO | Градиент слоя res1.bn1.bias: 0.010093
2025-07-05 18:54:00,361 | INFO | Градиент слоя res1.conv2.weight: 0.088461
2025-07-05 18:54:00,361 | INFO | Градиент слоя res1.bn2.weight: 0.015830
2025-07-05 18:54:00,362 | INFO | Градиент слоя res1.bn2.bias: 0.009821
2025-07-05 18:54:00,362 | INFO | Градиент слоя res2.conv1.weight: 0.065932
2025-07-05 18:54:00,363 | INFO | Градиент слоя res2.bn1.weight: 0.008663
2025-07-05 18:54:00,363 | INFO | Градиент слоя res2.bn1.bias: 0.006662
2025-07-05 18:54:00,364 | INFO | Градиент слоя res2.conv2.weight: 0.063225
2025-07-05 18:54:00,364 | INFO | Градиент слоя res2.bn2.weight: 0.016827
2025-07-05 18:54:00,364 | INFO | Градиент слоя res2.bn2.bias: 0.013293
2025-07-05 18:54:00,365 | INFO | Градиент слоя res2.shortcut.0.weight: 0.051265
2025-07-05 18:54:00,365 | INFO | Градиент слоя res2.shortcut.1.weight: 0.010950
2025-07-05 18:54:00,365 | INFO | Градиент слоя res2.shortcut.1.bias: 0.013293
2025-07-05 18:54:00,366 | INFO | Градиент слоя res3.conv1.weight: 0.060574
2025-07-05 18:54:00,366 | INFO | Градиент слоя res3.bn1.weight: 0.011127
2025-07-05 18:54:00,366 | INFO | Градиент слоя res3.bn1.bias: 0.008160
2025-07-05 18:54:00,367 | INFO | Градиент слоя res3.conv2.weight: 0.049386
2025-07-05 18:54:00,367 | INFO | Градиент слоя res3.bn2.weight: 0.014896
2025-07-05 18:54:00,367 | INFO | Градиент слоя res3.bn2.bias: 0.018159
2025-07-05 18:54:00,367 | INFO | Градиент слоя fc.weight: 0.446917
2025-07-05 18:54:00,368 | INFO | Градиент слоя fc.bias: 0.013871
2025-07-05 18:54:00,852 | INFO | Все эксперименты завершены
